/trace/group/mcgaughey/hariharr/miniconda3/envs/mace/lib/python3.9/site-packages/e3nn/o3/_wigner.py:10: FutureWarning: You are using `torch.load` with `weights_only=False` (the current default value), which uses the default pickle module implicitly. It is possible to construct malicious pickle data which will execute arbitrary code during unpickling (See https://github.com/pytorch/pytorch/blob/main/SECURITY.md#untrusted-models for more details). In a future release, the default value for `weights_only` will be flipped to `True`. This limits the functions that could be executed during unpickling. Arbitrary objects will no longer be allowed to be loaded via this mode unless they are explicitly allowlisted by the user via `torch.serialization.add_safe_globals`. We recommend you start setting `weights_only=True` for any use case where you don't have full control of the loaded file. Please open an issue on GitHub for any issues related to this experimental feature.
  _Jd, _W3j_flat, _W3j_indices = torch.load(os.path.join(os.path.dirname(__file__), 'constants.pt'))
/trace/group/mcgaughey/hariharr/mace_exploration/fourier_attention_mace/mace/mace/calculators/mace.py:128: FutureWarning: You are using `torch.load` with `weights_only=False` (the current default value), which uses the default pickle module implicitly. It is possible to construct malicious pickle data which will execute arbitrary code during unpickling (See https://github.com/pytorch/pytorch/blob/main/SECURITY.md#untrusted-models for more details). In a future release, the default value for `weights_only` will be flipped to `True`. This limits the functions that could be executed during unpickling. Arbitrary objects will no longer be allowed to be loaded via this mode unless they are explicitly allowlisted by the user via `torch.serialization.add_safe_globals`. We recommend you start setting `weights_only=True` for any use case where you don't have full control of the loaded file. Please open an issue on GitHub for any issues related to this experimental feature.
  torch.load(f=model_path, map_location=device)
/trace/group/mcgaughey/hariharr/mace_exploration/fourier_attention_mace/mace/plot_binding_curve.py:72: DeprecationWarning: Please use atoms.calc = calc
  all_list[i].set_calculator(calculator)
No dtype selected, switching to float64 to match model dtype.
energy graph: torch.Size([1]) torch.Size([20])
energy graph: torch.Size([1]) torch.Size([20])
q_vector from forward: torch.Size([20, 256])
torch.isfinite(q_vector).all(): tensor(True, device='cuda:0') torch.isnan(q_vector).any(): tensor(False, device='cuda:0')
torch.isfinite(k_vector).all(): tensor(True, device='cuda:0') torch.isnan(k_vector).any(): tensor(False, device='cuda:0')
torch.isfinite(v_vector).all(): tensor(True, device='cuda:0') torch.isnan(v_vector).any(): tensor(False, device='cuda:0')
k_vectors shape: torch.Size([983, 3]) torch.return_types.max(
values=tensor([ 7, 14, 14], device='cuda:0'),
indices=tensor([962, 171,  65], device='cuda:0')) torch.return_types.min(
values=tensor([0, 0, 0], device='cuda:0'),
indices=tensor([ 0,  0, 51], device='cuda:0'))
k_vectors dtype: torch.int64
value from optimized ewald sum: torch.Size([20, 256, 8, 15, 15])
term from value or key: torch.Size([20, 256, 983]) torch.Size([20, 256, 8, 15, 15]) torch.Size([983, 256])
k_vectors shape: torch.Size([983, 3]) torch.return_types.max(
values=tensor([ 7, 14, 14], device='cuda:0'),
indices=tensor([962, 171,  65], device='cuda:0')) torch.return_types.min(
values=tensor([0, 0, 0], device='cuda:0'),
indices=tensor([ 0,  0, 51], device='cuda:0'))
k_vectors dtype: torch.int64
value from optimized ewald sum: torch.Size([20, 256, 8, 15, 15])
term from value or key: torch.Size([20, 256, 983]) torch.Size([20, 256, 8, 15, 15]) torch.Size([983, 256])
k_vectors shape: torch.Size([983, 3]) torch.return_types.max(
values=tensor([ 7, 14, 14], device='cuda:0'),
indices=tensor([962, 171,  65], device='cuda:0')) torch.return_types.min(
values=tensor([0, 0, 0], device='cuda:0'),
indices=tensor([ 0,  0, 51], device='cuda:0'))
k_vectors dtype: torch.int64
value from optimized ewald sum: torch.Size([20, 256, 8, 15, 15])
term from query: torch.Size([20, 256, 983]) torch.Size([20, 256, 8, 15, 15]) torch.Size([983, 256])
q_pot: torch.Size([20, 256, 983]) torch.Size([983, 256]) torch.Size([983, 256])
i: tensor(0, device='cuda:0') torch.isfinite(q_pot).all(): tensor(True, device='cuda:0') torch.isnan(q_pot).any(): tensor(False, device='cuda:0') min. -0.09526, max. 0.09526
i: tensor(0, device='cuda:0') torch.isfinite(k_pot).all(): tensor(True, device='cuda:0') torch.isnan(k_pot).any(): tensor(False, device='cuda:0') min. -0.16158, max. 0.13843
i: tensor(0, device='cuda:0') torch.isfinite(v_pot).all(): tensor(True, device='cuda:0') torch.isnan(v_pot).any(): tensor(False, device='cuda:0') min. -0.32655, max. 0.38952
i: tensor(0, device='cuda:0') torch.isfinite(attention_weights).all(): tensor(True, device='cuda:0') torch.isnan(attention_weights).any(): tensor(False, device='cuda:0') min. -0.03299, max. 0.03061
weighted_values: torch.Size([20, 983, 256])
i: tensor(0, device='cuda:0') torch.isfinite(weighted_values).all(): tensor(True, device='cuda:0') torch.isnan(weighted_values).any(): tensor(False, device='cuda:0') min. -0.00033, max. 0.00040
optimized_inverse: torch.Size([20, 3]) torch.Size([20, 3])
mesh grid shape: torch.Size([8, 15, 15]) torch.Size([8, 15, 15]) torch.Size([8, 15, 15])
valid_k: torch.Size([8, 15, 15])
shapes of q: torch.Size([20, 983, 256])
new_sum_term: torch.Size([20, 256]) 20
i: tensor(0, device='cuda:0') torch.isfinite(real_space_weighted_values).all(): tensor(True, device='cuda:0') torch.isnan(real_space_weighted_values).any(): tensor(False, device='cuda:0') min. -0.12040, max. 0.14733
node_feats_list: torch.Size([20, 983, 256]) torch.Size([20, 256])
results: torch.Size([20, 256])
energy graph: torch.Size([1]) torch.Size([20])
energy graph: torch.Size([1]) torch.Size([20])
q_vector from forward: torch.Size([20, 256])
torch.isfinite(q_vector).all(): tensor(True, device='cuda:0') torch.isnan(q_vector).any(): tensor(False, device='cuda:0')
torch.isfinite(k_vector).all(): tensor(True, device='cuda:0') torch.isnan(k_vector).any(): tensor(False, device='cuda:0')
torch.isfinite(v_vector).all(): tensor(True, device='cuda:0') torch.isnan(v_vector).any(): tensor(False, device='cuda:0')
k_vectors shape: torch.Size([983, 3]) torch.return_types.max(
values=tensor([ 7, 14, 14], device='cuda:0'),
indices=tensor([962, 171,  65], device='cuda:0')) torch.return_types.min(
values=tensor([0, 0, 0], device='cuda:0'),
indices=tensor([ 0,  0, 51], device='cuda:0'))
k_vectors dtype: torch.int64
value from optimized ewald sum: torch.Size([20, 256, 8, 15, 15])
term from value or key: torch.Size([20, 256, 983]) torch.Size([20, 256, 8, 15, 15]) torch.Size([983, 256])
k_vectors shape: torch.Size([983, 3]) torch.return_types.max(
values=tensor([ 7, 14, 14], device='cuda:0'),
indices=tensor([962, 171,  65], device='cuda:0')) torch.return_types.min(
values=tensor([0, 0, 0], device='cuda:0'),
indices=tensor([ 0,  0, 51], device='cuda:0'))
k_vectors dtype: torch.int64
value from optimized ewald sum: torch.Size([20, 256, 8, 15, 15])
term from value or key: torch.Size([20, 256, 983]) torch.Size([20, 256, 8, 15, 15]) torch.Size([983, 256])
k_vectors shape: torch.Size([983, 3]) torch.return_types.max(
values=tensor([ 7, 14, 14], device='cuda:0'),
indices=tensor([962, 171,  65], device='cuda:0')) torch.return_types.min(
values=tensor([0, 0, 0], device='cuda:0'),
indices=tensor([ 0,  0, 51], device='cuda:0'))
k_vectors dtype: torch.int64
value from optimized ewald sum: torch.Size([20, 256, 8, 15, 15])
term from query: torch.Size([20, 256, 983]) torch.Size([20, 256, 8, 15, 15]) torch.Size([983, 256])
q_pot: torch.Size([20, 256, 983]) torch.Size([983, 256]) torch.Size([983, 256])
i: tensor(0, device='cuda:0') torch.isfinite(q_pot).all(): tensor(True, device='cuda:0') torch.isnan(q_pot).any(): tensor(False, device='cuda:0') min. -0.07146, max. 0.07146
i: tensor(0, device='cuda:0') torch.isfinite(k_pot).all(): tensor(True, device='cuda:0') torch.isnan(k_pot).any(): tensor(False, device='cuda:0') min. -0.12682, max. 0.10634
i: tensor(0, device='cuda:0') torch.isfinite(v_pot).all(): tensor(True, device='cuda:0') torch.isnan(v_pot).any(): tensor(False, device='cuda:0') min. -0.27166, max. 0.32219
i: tensor(0, device='cuda:0') torch.isfinite(attention_weights).all(): tensor(True, device='cuda:0') torch.isnan(attention_weights).any(): tensor(False, device='cuda:0') min. -0.01961, max. 0.01995
weighted_values: torch.Size([20, 983, 256])
i: tensor(0, device='cuda:0') torch.isfinite(weighted_values).all(): tensor(True, device='cuda:0') torch.isnan(weighted_values).any(): tensor(False, device='cuda:0') min. -0.00028, max. 0.00033
optimized_inverse: torch.Size([20, 3]) torch.Size([20, 3])
mesh grid shape: torch.Size([8, 15, 15]) torch.Size([8, 15, 15]) torch.Size([8, 15, 15])
valid_k: torch.Size([8, 15, 15])
shapes of q: torch.Size([20, 983, 256])
new_sum_term: torch.Size([20, 256]) 20
i: tensor(0, device='cuda:0') torch.isfinite(real_space_weighted_values).all(): tensor(True, device='cuda:0') torch.isnan(real_space_weighted_values).any(): tensor(False, device='cuda:0') min. -0.09431, max. 0.11436
node_feats_list: torch.Size([20, 983, 256]) torch.Size([20, 256])
results: torch.Size([20, 256])
energy graph: torch.Size([1]) torch.Size([20])
energy graph: torch.Size([1]) torch.Size([20])
q_vector from forward: torch.Size([20, 256])
torch.isfinite(q_vector).all(): tensor(True, device='cuda:0') torch.isnan(q_vector).any(): tensor(False, device='cuda:0')
torch.isfinite(k_vector).all(): tensor(True, device='cuda:0') torch.isnan(k_vector).any(): tensor(False, device='cuda:0')
torch.isfinite(v_vector).all(): tensor(True, device='cuda:0') torch.isnan(v_vector).any(): tensor(False, device='cuda:0')
k_vectors shape: torch.Size([983, 3]) torch.return_types.max(
values=tensor([ 7, 14, 14], device='cuda:0'),
indices=tensor([962, 171,  65], device='cuda:0')) torch.return_types.min(
values=tensor([0, 0, 0], device='cuda:0'),
indices=tensor([ 0,  0, 51], device='cuda:0'))
k_vectors dtype: torch.int64
value from optimized ewald sum: torch.Size([20, 256, 8, 15, 15])
term from value or key: torch.Size([20, 256, 983]) torch.Size([20, 256, 8, 15, 15]) torch.Size([983, 256])
k_vectors shape: torch.Size([983, 3]) torch.return_types.max(
values=tensor([ 7, 14, 14], device='cuda:0'),
indices=tensor([962, 171,  65], device='cuda:0')) torch.return_types.min(
values=tensor([0, 0, 0], device='cuda:0'),
indices=tensor([ 0,  0, 51], device='cuda:0'))
k_vectors dtype: torch.int64
value from optimized ewald sum: torch.Size([20, 256, 8, 15, 15])
term from value or key: torch.Size([20, 256, 983]) torch.Size([20, 256, 8, 15, 15]) torch.Size([983, 256])
k_vectors shape: torch.Size([983, 3]) torch.return_types.max(
values=tensor([ 7, 14, 14], device='cuda:0'),
indices=tensor([962, 171,  65], device='cuda:0')) torch.return_types.min(
values=tensor([0, 0, 0], device='cuda:0'),
indices=tensor([ 0,  0, 51], device='cuda:0'))
k_vectors dtype: torch.int64
value from optimized ewald sum: torch.Size([20, 256, 8, 15, 15])
term from query: torch.Size([20, 256, 983]) torch.Size([20, 256, 8, 15, 15]) torch.Size([983, 256])
q_pot: torch.Size([20, 256, 983]) torch.Size([983, 256]) torch.Size([983, 256])
i: tensor(0, device='cuda:0') torch.isfinite(q_pot).all(): tensor(True, device='cuda:0') torch.isnan(q_pot).any(): tensor(False, device='cuda:0') min. -0.05285, max. 0.05285
i: tensor(0, device='cuda:0') torch.isfinite(k_pot).all(): tensor(True, device='cuda:0') torch.isnan(k_pot).any(): tensor(False, device='cuda:0') min. -0.09874, max. 0.08774
i: tensor(0, device='cuda:0') torch.isfinite(v_pot).all(): tensor(True, device='cuda:0') torch.isnan(v_pot).any(): tensor(False, device='cuda:0') min. -0.24410, max. 0.27841
i: tensor(0, device='cuda:0') torch.isfinite(attention_weights).all(): tensor(True, device='cuda:0') torch.isnan(attention_weights).any(): tensor(False, device='cuda:0') min. -0.01391, max. 0.01238
weighted_values: torch.Size([20, 983, 256])
i: tensor(0, device='cuda:0') torch.isfinite(weighted_values).all(): tensor(True, device='cuda:0') torch.isnan(weighted_values).any(): tensor(False, device='cuda:0') min. -0.00025, max. 0.00028
optimized_inverse: torch.Size([20, 3]) torch.Size([20, 3])
mesh grid shape: torch.Size([8, 15, 15]) torch.Size([8, 15, 15]) torch.Size([8, 15, 15])
valid_k: torch.Size([8, 15, 15])
shapes of q: torch.Size([20, 983, 256])
new_sum_term: torch.Size([20, 256]) 20
i: tensor(0, device='cuda:0') torch.isfinite(real_space_weighted_values).all(): tensor(True, device='cuda:0') torch.isnan(real_space_weighted_values).any(): tensor(False, device='cuda:0') min. -0.07162, max. 0.09124
node_feats_list: torch.Size([20, 983, 256]) torch.Size([20, 256])
results: torch.Size([20, 256])
energy graph: torch.Size([1]) torch.Size([20])
energy graph: torch.Size([1]) torch.Size([20])
q_vector from forward: torch.Size([20, 256])
torch.isfinite(q_vector).all(): tensor(True, device='cuda:0') torch.isnan(q_vector).any(): tensor(False, device='cuda:0')
torch.isfinite(k_vector).all(): tensor(True, device='cuda:0') torch.isnan(k_vector).any(): tensor(False, device='cuda:0')
torch.isfinite(v_vector).all(): tensor(True, device='cuda:0') torch.isnan(v_vector).any(): tensor(False, device='cuda:0')
k_vectors shape: torch.Size([983, 3]) torch.return_types.max(
values=tensor([ 7, 14, 14], device='cuda:0'),
indices=tensor([962, 171,  65], device='cuda:0')) torch.return_types.min(
values=tensor([0, 0, 0], device='cuda:0'),
indices=tensor([ 0,  0, 51], device='cuda:0'))
k_vectors dtype: torch.int64
value from optimized ewald sum: torch.Size([20, 256, 8, 15, 15])
term from value or key: torch.Size([20, 256, 983]) torch.Size([20, 256, 8, 15, 15]) torch.Size([983, 256])
k_vectors shape: torch.Size([983, 3]) torch.return_types.max(
values=tensor([ 7, 14, 14], device='cuda:0'),
indices=tensor([962, 171,  65], device='cuda:0')) torch.return_types.min(
values=tensor([0, 0, 0], device='cuda:0'),
indices=tensor([ 0,  0, 51], device='cuda:0'))
k_vectors dtype: torch.int64
value from optimized ewald sum: torch.Size([20, 256, 8, 15, 15])
term from value or key: torch.Size([20, 256, 983]) torch.Size([20, 256, 8, 15, 15]) torch.Size([983, 256])
k_vectors shape: torch.Size([983, 3]) torch.return_types.max(
values=tensor([ 7, 14, 14], device='cuda:0'),
indices=tensor([962, 171,  65], device='cuda:0')) torch.return_types.min(
values=tensor([0, 0, 0], device='cuda:0'),
indices=tensor([ 0,  0, 51], device='cuda:0'))
k_vectors dtype: torch.int64
value from optimized ewald sum: torch.Size([20, 256, 8, 15, 15])
term from query: torch.Size([20, 256, 983]) torch.Size([20, 256, 8, 15, 15]) torch.Size([983, 256])
q_pot: torch.Size([20, 256, 983]) torch.Size([983, 256]) torch.Size([983, 256])
i: tensor(0, device='cuda:0') torch.isfinite(q_pot).all(): tensor(True, device='cuda:0') torch.isnan(q_pot).any(): tensor(False, device='cuda:0') min. -0.04058, max. 0.04058
i: tensor(0, device='cuda:0') torch.isfinite(k_pot).all(): tensor(True, device='cuda:0') torch.isnan(k_pot).any(): tensor(False, device='cuda:0') min. -0.09483, max. 0.08923
i: tensor(0, device='cuda:0') torch.isfinite(v_pot).all(): tensor(True, device='cuda:0') torch.isnan(v_pot).any(): tensor(False, device='cuda:0') min. -0.22238, max. 0.25360
i: tensor(0, device='cuda:0') torch.isfinite(attention_weights).all(): tensor(True, device='cuda:0') torch.isnan(attention_weights).any(): tensor(False, device='cuda:0') min. -0.00978, max. 0.00802
weighted_values: torch.Size([20, 983, 256])
i: tensor(0, device='cuda:0') torch.isfinite(weighted_values).all(): tensor(True, device='cuda:0') torch.isnan(weighted_values).any(): tensor(False, device='cuda:0') min. -0.00023, max. 0.00026
optimized_inverse: torch.Size([20, 3]) torch.Size([20, 3])
mesh grid shape: torch.Size([8, 15, 15]) torch.Size([8, 15, 15]) torch.Size([8, 15, 15])
valid_k: torch.Size([8, 15, 15])
shapes of q: torch.Size([20, 983, 256])
new_sum_term: torch.Size([20, 256]) 20
i: tensor(0, device='cuda:0') torch.isfinite(real_space_weighted_values).all(): tensor(True, device='cuda:0') torch.isnan(real_space_weighted_values).any(): tensor(False, device='cuda:0') min. -0.07017, max. 0.07719
node_feats_list: torch.Size([20, 983, 256]) torch.Size([20, 256])
results: torch.Size([20, 256])
energy graph: torch.Size([1]) torch.Size([20])
energy graph: torch.Size([1]) torch.Size([20])
q_vector from forward: torch.Size([20, 256])
torch.isfinite(q_vector).all(): tensor(True, device='cuda:0') torch.isnan(q_vector).any(): tensor(False, device='cuda:0')
torch.isfinite(k_vector).all(): tensor(True, device='cuda:0') torch.isnan(k_vector).any(): tensor(False, device='cuda:0')
torch.isfinite(v_vector).all(): tensor(True, device='cuda:0') torch.isnan(v_vector).any(): tensor(False, device='cuda:0')
k_vectors shape: torch.Size([983, 3]) torch.return_types.max(
values=tensor([ 7, 14, 14], device='cuda:0'),
indices=tensor([962, 171,  65], device='cuda:0')) torch.return_types.min(
values=tensor([0, 0, 0], device='cuda:0'),
indices=tensor([ 0,  0, 51], device='cuda:0'))
k_vectors dtype: torch.int64
value from optimized ewald sum: torch.Size([20, 256, 8, 15, 15])
term from value or key: torch.Size([20, 256, 983]) torch.Size([20, 256, 8, 15, 15]) torch.Size([983, 256])
k_vectors shape: torch.Size([983, 3]) torch.return_types.max(
values=tensor([ 7, 14, 14], device='cuda:0'),
indices=tensor([962, 171,  65], device='cuda:0')) torch.return_types.min(
values=tensor([0, 0, 0], device='cuda:0'),
indices=tensor([ 0,  0, 51], device='cuda:0'))
k_vectors dtype: torch.int64
value from optimized ewald sum: torch.Size([20, 256, 8, 15, 15])
term from value or key: torch.Size([20, 256, 983]) torch.Size([20, 256, 8, 15, 15]) torch.Size([983, 256])
k_vectors shape: torch.Size([983, 3]) torch.return_types.max(
values=tensor([ 7, 14, 14], device='cuda:0'),
indices=tensor([962, 171,  65], device='cuda:0')) torch.return_types.min(
values=tensor([0, 0, 0], device='cuda:0'),
indices=tensor([ 0,  0, 51], device='cuda:0'))
k_vectors dtype: torch.int64
value from optimized ewald sum: torch.Size([20, 256, 8, 15, 15])
term from query: torch.Size([20, 256, 983]) torch.Size([20, 256, 8, 15, 15]) torch.Size([983, 256])
q_pot: torch.Size([20, 256, 983]) torch.Size([983, 256]) torch.Size([983, 256])
i: tensor(0, device='cuda:0') torch.isfinite(q_pot).all(): tensor(True, device='cuda:0') torch.isnan(q_pot).any(): tensor(False, device='cuda:0') min. -0.03210, max. 0.03210
i: tensor(0, device='cuda:0') torch.isfinite(k_pot).all(): tensor(True, device='cuda:0') torch.isnan(k_pot).any(): tensor(False, device='cuda:0') min. -0.09802, max. 0.10026
i: tensor(0, device='cuda:0') torch.isfinite(v_pot).all(): tensor(True, device='cuda:0') torch.isnan(v_pot).any(): tensor(False, device='cuda:0') min. -0.23973, max. 0.23741
i: tensor(0, device='cuda:0') torch.isfinite(attention_weights).all(): tensor(True, device='cuda:0') torch.isnan(attention_weights).any(): tensor(False, device='cuda:0') min. -0.00687, max. 0.00714
weighted_values: torch.Size([20, 983, 256])
i: tensor(0, device='cuda:0') torch.isfinite(weighted_values).all(): tensor(True, device='cuda:0') torch.isnan(weighted_values).any(): tensor(False, device='cuda:0') min. -0.00024, max. 0.00024
optimized_inverse: torch.Size([20, 3]) torch.Size([20, 3])
mesh grid shape: torch.Size([8, 15, 15]) torch.Size([8, 15, 15]) torch.Size([8, 15, 15])
valid_k: torch.Size([8, 15, 15])
shapes of q: torch.Size([20, 983, 256])
new_sum_term: torch.Size([20, 256]) 20
i: tensor(0, device='cuda:0') torch.isfinite(real_space_weighted_values).all(): tensor(True, device='cuda:0') torch.isnan(real_space_weighted_values).any(): tensor(False, device='cuda:0') min. -0.07389, max. 0.06908
node_feats_list: torch.Size([20, 983, 256]) torch.Size([20, 256])
results: torch.Size([20, 256])
energy graph: torch.Size([1]) torch.Size([20])
energy graph: torch.Size([1]) torch.Size([20])
q_vector from forward: torch.Size([20, 256])
torch.isfinite(q_vector).all(): tensor(True, device='cuda:0') torch.isnan(q_vector).any(): tensor(False, device='cuda:0')
torch.isfinite(k_vector).all(): tensor(True, device='cuda:0') torch.isnan(k_vector).any(): tensor(False, device='cuda:0')
torch.isfinite(v_vector).all(): tensor(True, device='cuda:0') torch.isnan(v_vector).any(): tensor(False, device='cuda:0')
k_vectors shape: torch.Size([983, 3]) torch.return_types.max(
values=tensor([ 7, 14, 14], device='cuda:0'),
indices=tensor([962, 171,  65], device='cuda:0')) torch.return_types.min(
values=tensor([0, 0, 0], device='cuda:0'),
indices=tensor([ 0,  0, 51], device='cuda:0'))
k_vectors dtype: torch.int64
value from optimized ewald sum: torch.Size([20, 256, 8, 15, 15])
term from value or key: torch.Size([20, 256, 983]) torch.Size([20, 256, 8, 15, 15]) torch.Size([983, 256])
k_vectors shape: torch.Size([983, 3]) torch.return_types.max(
values=tensor([ 7, 14, 14], device='cuda:0'),
indices=tensor([962, 171,  65], device='cuda:0')) torch.return_types.min(
values=tensor([0, 0, 0], device='cuda:0'),
indices=tensor([ 0,  0, 51], device='cuda:0'))
k_vectors dtype: torch.int64
value from optimized ewald sum: torch.Size([20, 256, 8, 15, 15])
term from value or key: torch.Size([20, 256, 983]) torch.Size([20, 256, 8, 15, 15]) torch.Size([983, 256])
k_vectors shape: torch.Size([983, 3]) torch.return_types.max(
values=tensor([ 7, 14, 14], device='cuda:0'),
indices=tensor([962, 171,  65], device='cuda:0')) torch.return_types.min(
values=tensor([0, 0, 0], device='cuda:0'),
indices=tensor([ 0,  0, 51], device='cuda:0'))
k_vectors dtype: torch.int64
value from optimized ewald sum: torch.Size([20, 256, 8, 15, 15])
term from query: torch.Size([20, 256, 983]) torch.Size([20, 256, 8, 15, 15]) torch.Size([983, 256])
q_pot: torch.Size([20, 256, 983]) torch.Size([983, 256]) torch.Size([983, 256])
i: tensor(0, device='cuda:0') torch.isfinite(q_pot).all(): tensor(True, device='cuda:0') torch.isnan(q_pot).any(): tensor(False, device='cuda:0') min. -0.02765, max. 0.02765
i: tensor(0, device='cuda:0') torch.isfinite(k_pot).all(): tensor(True, device='cuda:0') torch.isnan(k_pot).any(): tensor(False, device='cuda:0') min. -0.10192, max. 0.10881
i: tensor(0, device='cuda:0') torch.isfinite(v_pot).all(): tensor(True, device='cuda:0') torch.isnan(v_pot).any(): tensor(False, device='cuda:0') min. -0.25346, max. 0.21013
i: tensor(0, device='cuda:0') torch.isfinite(attention_weights).all(): tensor(True, device='cuda:0') torch.isnan(attention_weights).any(): tensor(False, device='cuda:0') min. -0.00514, max. 0.00718
weighted_values: torch.Size([20, 983, 256])
i: tensor(0, device='cuda:0') torch.isfinite(weighted_values).all(): tensor(True, device='cuda:0') torch.isnan(weighted_values).any(): tensor(False, device='cuda:0') min. -0.00026, max. 0.00021
optimized_inverse: torch.Size([20, 3]) torch.Size([20, 3])
mesh grid shape: torch.Size([8, 15, 15]) torch.Size([8, 15, 15]) torch.Size([8, 15, 15])
valid_k: torch.Size([8, 15, 15])
shapes of q: torch.Size([20, 983, 256])
new_sum_term: torch.Size([20, 256]) 20
i: tensor(0, device='cuda:0') torch.isfinite(real_space_weighted_values).all(): tensor(True, device='cuda:0') torch.isnan(real_space_weighted_values).any(): tensor(False, device='cuda:0') min. -0.07597, max. 0.06789
node_feats_list: torch.Size([20, 983, 256]) torch.Size([20, 256])
results: torch.Size([20, 256])
energy graph: torch.Size([1]) torch.Size([20])
energy graph: torch.Size([1]) torch.Size([20])
q_vector from forward: torch.Size([20, 256])
torch.isfinite(q_vector).all(): tensor(True, device='cuda:0') torch.isnan(q_vector).any(): tensor(False, device='cuda:0')
torch.isfinite(k_vector).all(): tensor(True, device='cuda:0') torch.isnan(k_vector).any(): tensor(False, device='cuda:0')
torch.isfinite(v_vector).all(): tensor(True, device='cuda:0') torch.isnan(v_vector).any(): tensor(False, device='cuda:0')
k_vectors shape: torch.Size([983, 3]) torch.return_types.max(
values=tensor([ 7, 14, 14], device='cuda:0'),
indices=tensor([962, 171,  65], device='cuda:0')) torch.return_types.min(
values=tensor([0, 0, 0], device='cuda:0'),
indices=tensor([ 0,  0, 51], device='cuda:0'))
k_vectors dtype: torch.int64
value from optimized ewald sum: torch.Size([20, 256, 8, 15, 15])
term from value or key: torch.Size([20, 256, 983]) torch.Size([20, 256, 8, 15, 15]) torch.Size([983, 256])
k_vectors shape: torch.Size([983, 3]) torch.return_types.max(
values=tensor([ 7, 14, 14], device='cuda:0'),
indices=tensor([962, 171,  65], device='cuda:0')) torch.return_types.min(
values=tensor([0, 0, 0], device='cuda:0'),
indices=tensor([ 0,  0, 51], device='cuda:0'))
k_vectors dtype: torch.int64
value from optimized ewald sum: torch.Size([20, 256, 8, 15, 15])
term from value or key: torch.Size([20, 256, 983]) torch.Size([20, 256, 8, 15, 15]) torch.Size([983, 256])
k_vectors shape: torch.Size([983, 3]) torch.return_types.max(
values=tensor([ 7, 14, 14], device='cuda:0'),
indices=tensor([962, 171,  65], device='cuda:0')) torch.return_types.min(
values=tensor([0, 0, 0], device='cuda:0'),
indices=tensor([ 0,  0, 51], device='cuda:0'))
k_vectors dtype: torch.int64
value from optimized ewald sum: torch.Size([20, 256, 8, 15, 15])
term from query: torch.Size([20, 256, 983]) torch.Size([20, 256, 8, 15, 15]) torch.Size([983, 256])
q_pot: torch.Size([20, 256, 983]) torch.Size([983, 256]) torch.Size([983, 256])
i: tensor(0, device='cuda:0') torch.isfinite(q_pot).all(): tensor(True, device='cuda:0') torch.isnan(q_pot).any(): tensor(False, device='cuda:0') min. -0.02749, max. 0.02749
i: tensor(0, device='cuda:0') torch.isfinite(k_pot).all(): tensor(True, device='cuda:0') torch.isnan(k_pot).any(): tensor(False, device='cuda:0') min. -0.10173, max. 0.10996
i: tensor(0, device='cuda:0') torch.isfinite(v_pot).all(): tensor(True, device='cuda:0') torch.isnan(v_pot).any(): tensor(False, device='cuda:0') min. -0.26321, max. 0.21566
i: tensor(0, device='cuda:0') torch.isfinite(attention_weights).all(): tensor(True, device='cuda:0') torch.isnan(attention_weights).any(): tensor(False, device='cuda:0') min. -0.00499, max. 0.00680
weighted_values: torch.Size([20, 983, 256])
i: tensor(0, device='cuda:0') torch.isfinite(weighted_values).all(): tensor(True, device='cuda:0') torch.isnan(weighted_values).any(): tensor(False, device='cuda:0') min. -0.00027, max. 0.00022
optimized_inverse: torch.Size([20, 3]) torch.Size([20, 3])
mesh grid shape: torch.Size([8, 15, 15]) torch.Size([8, 15, 15]) torch.Size([8, 15, 15])
valid_k: torch.Size([8, 15, 15])
shapes of q: torch.Size([20, 983, 256])
new_sum_term: torch.Size([20, 256]) 20
i: tensor(0, device='cuda:0') torch.isfinite(real_space_weighted_values).all(): tensor(True, device='cuda:0') torch.isnan(real_space_weighted_values).any(): tensor(False, device='cuda:0') min. -0.07665, max. 0.06841
node_feats_list: torch.Size([20, 983, 256]) torch.Size([20, 256])
results: torch.Size([20, 256])
energy graph: torch.Size([1]) torch.Size([20])
energy graph: torch.Size([1]) torch.Size([20])
q_vector from forward: torch.Size([20, 256])
torch.isfinite(q_vector).all(): tensor(True, device='cuda:0') torch.isnan(q_vector).any(): tensor(False, device='cuda:0')
torch.isfinite(k_vector).all(): tensor(True, device='cuda:0') torch.isnan(k_vector).any(): tensor(False, device='cuda:0')
torch.isfinite(v_vector).all(): tensor(True, device='cuda:0') torch.isnan(v_vector).any(): tensor(False, device='cuda:0')
k_vectors shape: torch.Size([983, 3]) torch.return_types.max(
values=tensor([ 7, 14, 14], device='cuda:0'),
indices=tensor([962, 171,  65], device='cuda:0')) torch.return_types.min(
values=tensor([0, 0, 0], device='cuda:0'),
indices=tensor([ 0,  0, 51], device='cuda:0'))
k_vectors dtype: torch.int64
value from optimized ewald sum: torch.Size([20, 256, 8, 15, 15])
term from value or key: torch.Size([20, 256, 983]) torch.Size([20, 256, 8, 15, 15]) torch.Size([983, 256])
k_vectors shape: torch.Size([983, 3]) torch.return_types.max(
values=tensor([ 7, 14, 14], device='cuda:0'),
indices=tensor([962, 171,  65], device='cuda:0')) torch.return_types.min(
values=tensor([0, 0, 0], device='cuda:0'),
indices=tensor([ 0,  0, 51], device='cuda:0'))
k_vectors dtype: torch.int64
value from optimized ewald sum: torch.Size([20, 256, 8, 15, 15])
term from value or key: torch.Size([20, 256, 983]) torch.Size([20, 256, 8, 15, 15]) torch.Size([983, 256])
k_vectors shape: torch.Size([983, 3]) torch.return_types.max(
values=tensor([ 7, 14, 14], device='cuda:0'),
indices=tensor([962, 171,  65], device='cuda:0')) torch.return_types.min(
values=tensor([0, 0, 0], device='cuda:0'),
indices=tensor([ 0,  0, 51], device='cuda:0'))
k_vectors dtype: torch.int64
value from optimized ewald sum: torch.Size([20, 256, 8, 15, 15])
term from query: torch.Size([20, 256, 983]) torch.Size([20, 256, 8, 15, 15]) torch.Size([983, 256])
q_pot: torch.Size([20, 256, 983]) torch.Size([983, 256]) torch.Size([983, 256])
i: tensor(0, device='cuda:0') torch.isfinite(q_pot).all(): tensor(True, device='cuda:0') torch.isnan(q_pot).any(): tensor(False, device='cuda:0') min. -0.02749, max. 0.02749
i: tensor(0, device='cuda:0') torch.isfinite(k_pot).all(): tensor(True, device='cuda:0') torch.isnan(k_pot).any(): tensor(False, device='cuda:0') min. -0.09854, max. 0.10635
i: tensor(0, device='cuda:0') torch.isfinite(v_pot).all(): tensor(True, device='cuda:0') torch.isnan(v_pot).any(): tensor(False, device='cuda:0') min. -0.26700, max. 0.21524
i: tensor(0, device='cuda:0') torch.isfinite(attention_weights).all(): tensor(True, device='cuda:0') torch.isnan(attention_weights).any(): tensor(False, device='cuda:0') min. -0.00521, max. 0.00680
weighted_values: torch.Size([20, 983, 256])
i: tensor(0, device='cuda:0') torch.isfinite(weighted_values).all(): tensor(True, device='cuda:0') torch.isnan(weighted_values).any(): tensor(False, device='cuda:0') min. -0.00027, max. 0.00022
optimized_inverse: torch.Size([20, 3]) torch.Size([20, 3])
mesh grid shape: torch.Size([8, 15, 15]) torch.Size([8, 15, 15]) torch.Size([8, 15, 15])
valid_k: torch.Size([8, 15, 15])
shapes of q: torch.Size([20, 983, 256])
new_sum_term: torch.Size([20, 256]) 20
i: tensor(0, device='cuda:0') torch.isfinite(real_space_weighted_values).all(): tensor(True, device='cuda:0') torch.isnan(real_space_weighted_values).any(): tensor(False, device='cuda:0') min. -0.07676, max. 0.06833
node_feats_list: torch.Size([20, 983, 256]) torch.Size([20, 256])
results: torch.Size([20, 256])
energy graph: torch.Size([1]) torch.Size([20])
energy graph: torch.Size([1]) torch.Size([20])
q_vector from forward: torch.Size([20, 256])
torch.isfinite(q_vector).all(): tensor(True, device='cuda:0') torch.isnan(q_vector).any(): tensor(False, device='cuda:0')
torch.isfinite(k_vector).all(): tensor(True, device='cuda:0') torch.isnan(k_vector).any(): tensor(False, device='cuda:0')
torch.isfinite(v_vector).all(): tensor(True, device='cuda:0') torch.isnan(v_vector).any(): tensor(False, device='cuda:0')
k_vectors shape: torch.Size([983, 3]) torch.return_types.max(
values=tensor([ 7, 14, 14], device='cuda:0'),
indices=tensor([962, 171,  65], device='cuda:0')) torch.return_types.min(
values=tensor([0, 0, 0], device='cuda:0'),
indices=tensor([ 0,  0, 51], device='cuda:0'))
k_vectors dtype: torch.int64
value from optimized ewald sum: torch.Size([20, 256, 8, 15, 15])
term from value or key: torch.Size([20, 256, 983]) torch.Size([20, 256, 8, 15, 15]) torch.Size([983, 256])
k_vectors shape: torch.Size([983, 3]) torch.return_types.max(
values=tensor([ 7, 14, 14], device='cuda:0'),
indices=tensor([962, 171,  65], device='cuda:0')) torch.return_types.min(
values=tensor([0, 0, 0], device='cuda:0'),
indices=tensor([ 0,  0, 51], device='cuda:0'))
k_vectors dtype: torch.int64
value from optimized ewald sum: torch.Size([20, 256, 8, 15, 15])
term from value or key: torch.Size([20, 256, 983]) torch.Size([20, 256, 8, 15, 15]) torch.Size([983, 256])
k_vectors shape: torch.Size([983, 3]) torch.return_types.max(
values=tensor([ 7, 14, 14], device='cuda:0'),
indices=tensor([962, 171,  65], device='cuda:0')) torch.return_types.min(
values=tensor([0, 0, 0], device='cuda:0'),
indices=tensor([ 0,  0, 51], device='cuda:0'))
k_vectors dtype: torch.int64
value from optimized ewald sum: torch.Size([20, 256, 8, 15, 15])
term from query: torch.Size([20, 256, 983]) torch.Size([20, 256, 8, 15, 15]) torch.Size([983, 256])
q_pot: torch.Size([20, 256, 983]) torch.Size([983, 256]) torch.Size([983, 256])
i: tensor(0, device='cuda:0') torch.isfinite(q_pot).all(): tensor(True, device='cuda:0') torch.isnan(q_pot).any(): tensor(False, device='cuda:0') min. -0.02749, max. 0.02749
i: tensor(0, device='cuda:0') torch.isfinite(k_pot).all(): tensor(True, device='cuda:0') torch.isnan(k_pot).any(): tensor(False, device='cuda:0') min. -0.10170, max. 0.10865
i: tensor(0, device='cuda:0') torch.isfinite(v_pot).all(): tensor(True, device='cuda:0') torch.isnan(v_pot).any(): tensor(False, device='cuda:0') min. -0.25333, max. 0.20411
i: tensor(0, device='cuda:0') torch.isfinite(attention_weights).all(): tensor(True, device='cuda:0') torch.isnan(attention_weights).any(): tensor(False, device='cuda:0') min. -0.00523, max. 0.00714
weighted_values: torch.Size([20, 983, 256])
i: tensor(0, device='cuda:0') torch.isfinite(weighted_values).all(): tensor(True, device='cuda:0') torch.isnan(weighted_values).any(): tensor(False, device='cuda:0') min. -0.00026, max. 0.00021
optimized_inverse: torch.Size([20, 3]) torch.Size([20, 3])
mesh grid shape: torch.Size([8, 15, 15]) torch.Size([8, 15, 15]) torch.Size([8, 15, 15])
valid_k: torch.Size([8, 15, 15])
shapes of q: torch.Size([20, 983, 256])
new_sum_term: torch.Size([20, 256]) 20
i: tensor(0, device='cuda:0') torch.isfinite(real_space_weighted_values).all(): tensor(True, device='cuda:0') torch.isnan(real_space_weighted_values).any(): tensor(False, device='cuda:0') min. -0.07631, max. 0.06783
node_feats_list: torch.Size([20, 983, 256]) torch.Size([20, 256])
results: torch.Size([20, 256])
energy graph: torch.Size([1]) torch.Size([20])
energy graph: torch.Size([1]) torch.Size([20])
q_vector from forward: torch.Size([20, 256])
torch.isfinite(q_vector).all(): tensor(True, device='cuda:0') torch.isnan(q_vector).any(): tensor(False, device='cuda:0')
torch.isfinite(k_vector).all(): tensor(True, device='cuda:0') torch.isnan(k_vector).any(): tensor(False, device='cuda:0')
torch.isfinite(v_vector).all(): tensor(True, device='cuda:0') torch.isnan(v_vector).any(): tensor(False, device='cuda:0')
k_vectors shape: torch.Size([983, 3]) torch.return_types.max(
values=tensor([ 7, 14, 14], device='cuda:0'),
indices=tensor([962, 171,  65], device='cuda:0')) torch.return_types.min(
values=tensor([0, 0, 0], device='cuda:0'),
indices=tensor([ 0,  0, 51], device='cuda:0'))
k_vectors dtype: torch.int64
value from optimized ewald sum: torch.Size([20, 256, 8, 15, 15])
term from value or key: torch.Size([20, 256, 983]) torch.Size([20, 256, 8, 15, 15]) torch.Size([983, 256])
k_vectors shape: torch.Size([983, 3]) torch.return_types.max(
values=tensor([ 7, 14, 14], device='cuda:0'),
indices=tensor([962, 171,  65], device='cuda:0')) torch.return_types.min(
values=tensor([0, 0, 0], device='cuda:0'),
indices=tensor([ 0,  0, 51], device='cuda:0'))
k_vectors dtype: torch.int64
value from optimized ewald sum: torch.Size([20, 256, 8, 15, 15])
term from value or key: torch.Size([20, 256, 983]) torch.Size([20, 256, 8, 15, 15]) torch.Size([983, 256])
k_vectors shape: torch.Size([983, 3]) torch.return_types.max(
values=tensor([ 7, 14, 14], device='cuda:0'),
indices=tensor([962, 171,  65], device='cuda:0')) torch.return_types.min(
values=tensor([0, 0, 0], device='cuda:0'),
indices=tensor([ 0,  0, 51], device='cuda:0'))
k_vectors dtype: torch.int64
value from optimized ewald sum: torch.Size([20, 256, 8, 15, 15])
term from query: torch.Size([20, 256, 983]) torch.Size([20, 256, 8, 15, 15]) torch.Size([983, 256])
q_pot: torch.Size([20, 256, 983]) torch.Size([983, 256]) torch.Size([983, 256])
i: tensor(0, device='cuda:0') torch.isfinite(q_pot).all(): tensor(True, device='cuda:0') torch.isnan(q_pot).any(): tensor(False, device='cuda:0') min. -0.02749, max. 0.02749
i: tensor(0, device='cuda:0') torch.isfinite(k_pot).all(): tensor(True, device='cuda:0') torch.isnan(k_pot).any(): tensor(False, device='cuda:0') min. -0.10451, max. 0.11254
i: tensor(0, device='cuda:0') torch.isfinite(v_pot).all(): tensor(True, device='cuda:0') torch.isnan(v_pot).any(): tensor(False, device='cuda:0') min. -0.24881, max. 0.20776
i: tensor(0, device='cuda:0') torch.isfinite(attention_weights).all(): tensor(True, device='cuda:0') torch.isnan(attention_weights).any(): tensor(False, device='cuda:0') min. -0.00516, max. 0.00761
weighted_values: torch.Size([20, 983, 256])
i: tensor(0, device='cuda:0') torch.isfinite(weighted_values).all(): tensor(True, device='cuda:0') torch.isnan(weighted_values).any(): tensor(False, device='cuda:0') min. -0.00025, max. 0.00021
optimized_inverse: torch.Size([20, 3]) torch.Size([20, 3])
mesh grid shape: torch.Size([8, 15, 15]) torch.Size([8, 15, 15]) torch.Size([8, 15, 15])
valid_k: torch.Size([8, 15, 15])
shapes of q: torch.Size([20, 983, 256])
new_sum_term: torch.Size([20, 256]) 20
i: tensor(0, device='cuda:0') torch.isfinite(real_space_weighted_values).all(): tensor(True, device='cuda:0') torch.isnan(real_space_weighted_values).any(): tensor(False, device='cuda:0') min. -0.07616, max. 0.06777
node_feats_list: torch.Size([20, 983, 256]) torch.Size([20, 256])
results: torch.Size([20, 256])
energy graph: torch.Size([1]) torch.Size([20])
energy graph: torch.Size([1]) torch.Size([20])
q_vector from forward: torch.Size([20, 256])
torch.isfinite(q_vector).all(): tensor(True, device='cuda:0') torch.isnan(q_vector).any(): tensor(False, device='cuda:0')
torch.isfinite(k_vector).all(): tensor(True, device='cuda:0') torch.isnan(k_vector).any(): tensor(False, device='cuda:0')
torch.isfinite(v_vector).all(): tensor(True, device='cuda:0') torch.isnan(v_vector).any(): tensor(False, device='cuda:0')
k_vectors shape: torch.Size([983, 3]) torch.return_types.max(
values=tensor([ 7, 14, 14], device='cuda:0'),
indices=tensor([962, 171,  65], device='cuda:0')) torch.return_types.min(
values=tensor([0, 0, 0], device='cuda:0'),
indices=tensor([ 0,  0, 51], device='cuda:0'))
k_vectors dtype: torch.int64
value from optimized ewald sum: torch.Size([20, 256, 8, 15, 15])
term from value or key: torch.Size([20, 256, 983]) torch.Size([20, 256, 8, 15, 15]) torch.Size([983, 256])
k_vectors shape: torch.Size([983, 3]) torch.return_types.max(
values=tensor([ 7, 14, 14], device='cuda:0'),
indices=tensor([962, 171,  65], device='cuda:0')) torch.return_types.min(
values=tensor([0, 0, 0], device='cuda:0'),
indices=tensor([ 0,  0, 51], device='cuda:0'))
k_vectors dtype: torch.int64
value from optimized ewald sum: torch.Size([20, 256, 8, 15, 15])
term from value or key: torch.Size([20, 256, 983]) torch.Size([20, 256, 8, 15, 15]) torch.Size([983, 256])
k_vectors shape: torch.Size([983, 3]) torch.return_types.max(
values=tensor([ 7, 14, 14], device='cuda:0'),
indices=tensor([962, 171,  65], device='cuda:0')) torch.return_types.min(
values=tensor([0, 0, 0], device='cuda:0'),
indices=tensor([ 0,  0, 51], device='cuda:0'))
k_vectors dtype: torch.int64
value from optimized ewald sum: torch.Size([20, 256, 8, 15, 15])
term from query: torch.Size([20, 256, 983]) torch.Size([20, 256, 8, 15, 15]) torch.Size([983, 256])
q_pot: torch.Size([20, 256, 983]) torch.Size([983, 256]) torch.Size([983, 256])
i: tensor(0, device='cuda:0') torch.isfinite(q_pot).all(): tensor(True, device='cuda:0') torch.isnan(q_pot).any(): tensor(False, device='cuda:0') min. -0.02749, max. 0.02749
i: tensor(0, device='cuda:0') torch.isfinite(k_pot).all(): tensor(True, device='cuda:0') torch.isnan(k_pot).any(): tensor(False, device='cuda:0') min. -0.10538, max. 0.11420
i: tensor(0, device='cuda:0') torch.isfinite(v_pot).all(): tensor(True, device='cuda:0') torch.isnan(v_pot).any(): tensor(False, device='cuda:0') min. -0.26616, max. 0.21333
i: tensor(0, device='cuda:0') torch.isfinite(attention_weights).all(): tensor(True, device='cuda:0') torch.isnan(attention_weights).any(): tensor(False, device='cuda:0') min. -0.00514, max. 0.00749
weighted_values: torch.Size([20, 983, 256])
i: tensor(0, device='cuda:0') torch.isfinite(weighted_values).all(): tensor(True, device='cuda:0') torch.isnan(weighted_values).any(): tensor(False, device='cuda:0') min. -0.00027, max. 0.00022
optimized_inverse: torch.Size([20, 3]) torch.Size([20, 3])
mesh grid shape: torch.Size([8, 15, 15]) torch.Size([8, 15, 15]) torch.Size([8, 15, 15])
valid_k: torch.Size([8, 15, 15])
shapes of q: torch.Size([20, 983, 256])
new_sum_term: torch.Size([20, 256]) 20
i: tensor(0, device='cuda:0') torch.isfinite(real_space_weighted_values).all(): tensor(True, device='cuda:0') torch.isnan(real_space_weighted_values).any(): tensor(False, device='cuda:0') min. -0.07660, max. 0.06822
node_feats_list: torch.Size([20, 983, 256]) torch.Size([20, 256])
results: torch.Size([20, 256])
energy graph: torch.Size([1]) torch.Size([20])
energy graph: torch.Size([1]) torch.Size([20])
q_vector from forward: torch.Size([20, 256])
torch.isfinite(q_vector).all(): tensor(True, device='cuda:0') torch.isnan(q_vector).any(): tensor(False, device='cuda:0')
torch.isfinite(k_vector).all(): tensor(True, device='cuda:0') torch.isnan(k_vector).any(): tensor(False, device='cuda:0')
torch.isfinite(v_vector).all(): tensor(True, device='cuda:0') torch.isnan(v_vector).any(): tensor(False, device='cuda:0')
k_vectors shape: torch.Size([983, 3]) torch.return_types.max(
values=tensor([ 7, 14, 14], device='cuda:0'),
indices=tensor([962, 171,  65], device='cuda:0')) torch.return_types.min(
values=tensor([0, 0, 0], device='cuda:0'),
indices=tensor([ 0,  0, 51], device='cuda:0'))
k_vectors dtype: torch.int64
value from optimized ewald sum: torch.Size([20, 256, 8, 15, 15])
term from value or key: torch.Size([20, 256, 983]) torch.Size([20, 256, 8, 15, 15]) torch.Size([983, 256])
k_vectors shape: torch.Size([983, 3]) torch.return_types.max(
values=tensor([ 7, 14, 14], device='cuda:0'),
indices=tensor([962, 171,  65], device='cuda:0')) torch.return_types.min(
values=tensor([0, 0, 0], device='cuda:0'),
indices=tensor([ 0,  0, 51], device='cuda:0'))
k_vectors dtype: torch.int64
value from optimized ewald sum: torch.Size([20, 256, 8, 15, 15])
term from value or key: torch.Size([20, 256, 983]) torch.Size([20, 256, 8, 15, 15]) torch.Size([983, 256])
k_vectors shape: torch.Size([983, 3]) torch.return_types.max(
values=tensor([ 7, 14, 14], device='cuda:0'),
indices=tensor([962, 171,  65], device='cuda:0')) torch.return_types.min(
values=tensor([0, 0, 0], device='cuda:0'),
indices=tensor([ 0,  0, 51], device='cuda:0'))
k_vectors dtype: torch.int64
value from optimized ewald sum: torch.Size([20, 256, 8, 15, 15])
term from query: torch.Size([20, 256, 983]) torch.Size([20, 256, 8, 15, 15]) torch.Size([983, 256])
q_pot: torch.Size([20, 256, 983]) torch.Size([983, 256]) torch.Size([983, 256])
i: tensor(0, device='cuda:0') torch.isfinite(q_pot).all(): tensor(True, device='cuda:0') torch.isnan(q_pot).any(): tensor(False, device='cuda:0') min. -0.02749, max. 0.02749
i: tensor(0, device='cuda:0') torch.isfinite(k_pot).all(): tensor(True, device='cuda:0') torch.isnan(k_pot).any(): tensor(False, device='cuda:0') min. -0.10457, max. 0.11367
i: tensor(0, device='cuda:0') torch.isfinite(v_pot).all(): tensor(True, device='cuda:0') torch.isnan(v_pot).any(): tensor(False, device='cuda:0') min. -0.26069, max. 0.21252
i: tensor(0, device='cuda:0') torch.isfinite(attention_weights).all(): tensor(True, device='cuda:0') torch.isnan(attention_weights).any(): tensor(False, device='cuda:0') min. -0.00491, max. 0.00705
weighted_values: torch.Size([20, 983, 256])
i: tensor(0, device='cuda:0') torch.isfinite(weighted_values).all(): tensor(True, device='cuda:0') torch.isnan(weighted_values).any(): tensor(False, device='cuda:0') min. -0.00027, max. 0.00022
optimized_inverse: torch.Size([20, 3]) torch.Size([20, 3])
mesh grid shape: torch.Size([8, 15, 15]) torch.Size([8, 15, 15]) torch.Size([8, 15, 15])
valid_k: torch.Size([8, 15, 15])
shapes of q: torch.Size([20, 983, 256])
new_sum_term: torch.Size([20, 256]) 20
i: tensor(0, device='cuda:0') torch.isfinite(real_space_weighted_values).all(): tensor(True, device='cuda:0') torch.isnan(real_space_weighted_values).any(): tensor(False, device='cuda:0') min. -0.07661, max. 0.06817
node_feats_list: torch.Size([20, 983, 256]) torch.Size([20, 256])
results: torch.Size([20, 256])
energy graph: torch.Size([1]) torch.Size([20])
energy graph: torch.Size([1]) torch.Size([20])
q_vector from forward: torch.Size([20, 256])
torch.isfinite(q_vector).all(): tensor(True, device='cuda:0') torch.isnan(q_vector).any(): tensor(False, device='cuda:0')
torch.isfinite(k_vector).all(): tensor(True, device='cuda:0') torch.isnan(k_vector).any(): tensor(False, device='cuda:0')
torch.isfinite(v_vector).all(): tensor(True, device='cuda:0') torch.isnan(v_vector).any(): tensor(False, device='cuda:0')
k_vectors shape: torch.Size([983, 3]) torch.return_types.max(
values=tensor([ 7, 14, 14], device='cuda:0'),
indices=tensor([962, 171,  65], device='cuda:0')) torch.return_types.min(
values=tensor([0, 0, 0], device='cuda:0'),
indices=tensor([ 0,  0, 51], device='cuda:0'))
k_vectors dtype: torch.int64
value from optimized ewald sum: torch.Size([20, 256, 8, 15, 15])
term from value or key: torch.Size([20, 256, 983]) torch.Size([20, 256, 8, 15, 15]) torch.Size([983, 256])
k_vectors shape: torch.Size([983, 3]) torch.return_types.max(
values=tensor([ 7, 14, 14], device='cuda:0'),
indices=tensor([962, 171,  65], device='cuda:0')) torch.return_types.min(
values=tensor([0, 0, 0], device='cuda:0'),
indices=tensor([ 0,  0, 51], device='cuda:0'))
k_vectors dtype: torch.int64
value from optimized ewald sum: torch.Size([20, 256, 8, 15, 15])
term from value or key: torch.Size([20, 256, 983]) torch.Size([20, 256, 8, 15, 15]) torch.Size([983, 256])
k_vectors shape: torch.Size([983, 3]) torch.return_types.max(
values=tensor([ 7, 14, 14], device='cuda:0'),
indices=tensor([962, 171,  65], device='cuda:0')) torch.return_types.min(
values=tensor([0, 0, 0], device='cuda:0'),
indices=tensor([ 0,  0, 51], device='cuda:0'))
k_vectors dtype: torch.int64
value from optimized ewald sum: torch.Size([20, 256, 8, 15, 15])
term from query: torch.Size([20, 256, 983]) torch.Size([20, 256, 8, 15, 15]) torch.Size([983, 256])
q_pot: torch.Size([20, 256, 983]) torch.Size([983, 256]) torch.Size([983, 256])
i: tensor(0, device='cuda:0') torch.isfinite(q_pot).all(): tensor(True, device='cuda:0') torch.isnan(q_pot).any(): tensor(False, device='cuda:0') min. -0.02749, max. 0.02749
i: tensor(0, device='cuda:0') torch.isfinite(k_pot).all(): tensor(True, device='cuda:0') torch.isnan(k_pot).any(): tensor(False, device='cuda:0') min. -0.10003, max. 0.10893
i: tensor(0, device='cuda:0') torch.isfinite(v_pot).all(): tensor(True, device='cuda:0') torch.isnan(v_pot).any(): tensor(False, device='cuda:0') min. -0.25328, max. 0.20360
i: tensor(0, device='cuda:0') torch.isfinite(attention_weights).all(): tensor(True, device='cuda:0') torch.isnan(attention_weights).any(): tensor(False, device='cuda:0') min. -0.00489, max. 0.00619
weighted_values: torch.Size([20, 983, 256])
i: tensor(0, device='cuda:0') torch.isfinite(weighted_values).all(): tensor(True, device='cuda:0') torch.isnan(weighted_values).any(): tensor(False, device='cuda:0') min. -0.00026, max. 0.00021
optimized_inverse: torch.Size([20, 3]) torch.Size([20, 3])
mesh grid shape: torch.Size([8, 15, 15]) torch.Size([8, 15, 15]) torch.Size([8, 15, 15])
valid_k: torch.Size([8, 15, 15])
shapes of q: torch.Size([20, 983, 256])
new_sum_term: torch.Size([20, 256]) 20
i: tensor(0, device='cuda:0') torch.isfinite(real_space_weighted_values).all(): tensor(True, device='cuda:0') torch.isnan(real_space_weighted_values).any(): tensor(False, device='cuda:0') min. -0.07612, max. 0.06777
node_feats_list: torch.Size([20, 983, 256]) torch.Size([20, 256])
results: torch.Size([20, 256])
finished plotting
